[0m04:37:21.538952 [debug] [MainThread]: Sending event: {'category': 'dbt', 'action': 'invocation', 'label': 'start', 'context': [<snowplow_tracker.self_describing_json.SelfDescribingJson object at 0x778f30d38ef0>, <snowplow_tracker.self_describing_json.SelfDescribingJson object at 0x778f2f3bf860>, <snowplow_tracker.self_describing_json.SelfDescribingJson object at 0x778f2ebaa960>]}


============================== 04:37:21.546218 | 64af5d37-d809-478c-8cc4-5fd931fca24a ==============================
[0m04:37:21.546218 [info ] [MainThread]: Running with dbt=1.11.12
[0m04:37:21.547570 [debug] [MainThread]: running dbt with arguments {'log_path': 'logs', 'log_cache_events': 'False', 'write_json': 'True', 'fail_fast': 'False', 'use_colors': 'True', 'use_experimental_parser': 'False', 'target_path': 'None', 'introspect': 'True', 'warn_error': 'None', 'log_format': 'default', 'printer_width': '80', 'partial_parse': 'True', 'indirect_selection': 'eager', 'empty': 'None', 'cache_selected_only': 'False', 'invocation_command': 'dbt init northwind_dw_duckdb', 'send_anonymous_usage_stats': 'True', 'version_check': 'True', 'no_print': 'None', 'static_parser': 'True', 'quiet': 'False', 'warn_error_options': 'WarnErrorOptionsV2(error=[], warn=[], silence=[])', 'profiles_dir': '/home/codespace/.dbt', 'debug': 'False'}
[0m04:37:21.563132 [info ] [MainThread]: Creating dbt configuration folder at /home/codespace/.dbt
[0m04:37:21.565473 [debug] [MainThread]: Starter project path: /workspaces/DW_lab_6730202540/.venv/lib/python3.12/site-packages/dbt/include/starter_project
[0m04:37:21.572632 [info ] [MainThread]: 
Your new dbt project "northwind_dw_duckdb" was created!

For more information on how to configure the profiles.yml file,
please consult the dbt documentation here:

  https://docs.getdbt.com/docs/configure-your-profile

One more thing:

Need help? Don't hesitate to reach out to us via GitHub issues or on Slack:

  https://community.getdbt.com/

Happy modeling!

[0m04:37:21.573676 [info ] [MainThread]: Setting up your profile.
[0m04:38:36.197610 [info ] [MainThread]: Profile northwind_dw_duckdb written to /home/codespace/.dbt/profiles.yml using target's sample configuration. Once updated, you'll be able to start developing with dbt.
[0m04:38:36.199968 [debug] [MainThread]: Resource report: {"command_name": "init", "command_success": true, "command_wall_clock_time": 74.739075, "process_in_blocks": "112", "process_kernel_time": 0.22128, "process_mem_max_rss": "139056", "process_out_blocks": "80", "process_user_time": 1.767276}
[0m04:38:36.200624 [debug] [MainThread]: Command `dbt init` succeeded at 04:38:36.200505 after 74.74 seconds
[0m04:38:36.201175 [debug] [MainThread]: Sending event: {'category': 'dbt', 'action': 'invocation', 'label': 'end', 'context': [<snowplow_tracker.self_describing_json.SelfDescribingJson object at 0x778f2e5ce7e0>, <snowplow_tracker.self_describing_json.SelfDescribingJson object at 0x778f2e5cd2e0>, <snowplow_tracker.self_describing_json.SelfDescribingJson object at 0x778f2f9388f0>]}
[0m04:38:36.201739 [debug] [MainThread]: Flushing usage events
[0m04:38:37.150691 [debug] [MainThread]: An error was encountered while trying to flush usage events
[0m04:40:31.623272 [debug] [MainThread]: Sending event: {'category': 'dbt', 'action': 'invocation', 'label': 'start', 'context': [<snowplow_tracker.self_describing_json.SelfDescribingJson object at 0x774a14d58350>, <snowplow_tracker.self_describing_json.SelfDescribingJson object at 0x774a13867680>, <snowplow_tracker.self_describing_json.SelfDescribingJson object at 0x774a1416bda0>]}


============================== 04:40:31.629640 | 706b6e90-3384-405f-8b3b-000826604536 ==============================
[0m04:40:31.629640 [info ] [MainThread]: Running with dbt=1.11.12
[0m04:40:31.631391 [debug] [MainThread]: running dbt with arguments {'introspect': 'True', 'log_cache_events': 'False', 'debug': 'False', 'quiet': 'False', 'empty': 'None', 'target_path': 'None', 'printer_width': '80', 'use_experimental_parser': 'False', 'warn_error_options': 'WarnErrorOptionsV2(error=[], warn=[], silence=[])', 'write_json': 'True', 'log_path': 'logs', 'profiles_dir': '/home/codespace/.dbt', 'warn_error': 'None', 'fail_fast': 'False', 'version_check': 'True', 'static_parser': 'True', 'send_anonymous_usage_stats': 'True', 'cache_selected_only': 'False', 'no_print': 'None', 'invocation_command': 'dbt debug', 'indirect_selection': 'eager', 'partial_parse': 'True', 'log_format': 'default', 'use_colors': 'True'}
[0m04:40:31.652468 [info ] [MainThread]: dbt version: 1.11.12
[0m04:40:31.653685 [info ] [MainThread]: python version: 3.12.1
[0m04:40:31.654691 [info ] [MainThread]: python path: /workspaces/DW_lab_6730202540/.venv/bin/python3
[0m04:40:31.656138 [info ] [MainThread]: os info: Linux-6.8.0-1052-azure-x86_64-with-glibc2.39
[0m04:40:31.853798 [info ] [MainThread]: Using profiles dir at /home/codespace/.dbt
[0m04:40:31.854590 [info ] [MainThread]: Using profiles.yml file at /home/codespace/.dbt/profiles.yml
[0m04:40:31.855248 [info ] [MainThread]: Using dbt_project.yml file at /workspaces/DW_lab_6730202540/dbt_project.yml
[0m04:40:31.857025 [info ] [MainThread]: adapter type: duckdb
[0m04:40:31.857595 [info ] [MainThread]: adapter version: 1.10.1
[0m04:40:31.858210 [info ] [MainThread]: Configuration:
[0m04:40:31.858754 [info ] [MainThread]:   profiles.yml file [[32mOK found and valid[0m]
[0m04:40:31.859380 [info ] [MainThread]:   dbt_project.yml file [[31mERROR not found[0m]
[0m04:40:31.859986 [info ] [MainThread]: Required dependencies:
[0m04:40:31.860602 [debug] [MainThread]: Executing "git --help"
[0m04:40:31.865060 [debug] [MainThread]: STDOUT: "b"usage: git [-v | --version] [-h | --help] [-C <path>] [-c <name>=<value>]\n           [--exec-path[=<path>]] [--html-path] [--man-path] [--info-path]\n           [-p | --paginate | -P | --no-pager] [--no-replace-objects] [--no-lazy-fetch]\n           [--no-optional-locks] [--no-advice] [--bare] [--git-dir=<path>]\n           [--work-tree=<path>] [--namespace=<name>] [--config-env=<name>=<envvar>]\n           <command> [<args>]\n\nThese are common Git commands used in various situations:\n\nstart a working area (see also: git help tutorial)\n   clone      Clone a repository into a new directory\n   init       Create an empty Git repository or reinitialize an existing one\n\nwork on the current change (see also: git help everyday)\n   add        Add file contents to the index\n   mv         Move or rename a file, a directory, or a symlink\n   restore    Restore working tree files\n   rm         Remove files from the working tree and from the index\n\nexamine the history and state (see also: git help revisions)\n   bisect     Use binary search to find the commit that introduced a bug\n   diff       Show changes between commits, commit and working tree, etc\n   grep       Print lines matching a pattern\n   log        Show commit logs\n   show       Show various types of objects\n   status     Show the working tree status\n\ngrow, mark and tweak your common history\n   backfill   Download missing objects in a partial clone\n   branch     List, create, or delete branches\n   commit     Record changes to the repository\n   merge      Join two or more development histories together\n   rebase     Reapply commits on top of another base tip\n   reset      Set `HEAD` or the index to a known state\n   switch     Switch branches\n   tag        Create, list, delete or verify tags\n\ncollaborate (see also: git help workflows)\n   fetch      Download objects and refs from another repository\n   pull       Fetch from and integrate with another repository or a local branch\n   push       Update remote refs along with associated objects\n\n'git help -a' and 'git help -g' list available subcommands and some\nconcept guides. See 'git help <command>' or 'git help <concept>'\nto read about a specific subcommand or concept.\nSee 'git help git' for an overview of the system.\n""
[0m04:40:31.866438 [debug] [MainThread]: STDERR: "b''"
[0m04:40:31.867361 [info ] [MainThread]:  - git [[32mOK found[0m]

[0m04:40:31.868197 [info ] [MainThread]: Connection:
[0m04:40:31.869153 [info ] [MainThread]:   database: dev
[0m04:40:31.870135 [info ] [MainThread]:   schema: main
[0m04:40:31.870852 [info ] [MainThread]:   path: dev.duckdb
[0m04:40:31.871598 [info ] [MainThread]:   config_options: None
[0m04:40:31.872252 [info ] [MainThread]:   extensions: None
[0m04:40:31.872775 [info ] [MainThread]:   settings: {}
[0m04:40:31.873441 [info ] [MainThread]:   external_root: .
[0m04:40:31.874006 [info ] [MainThread]:   use_credential_provider: None
[0m04:40:31.874597 [info ] [MainThread]:   attach: None
[0m04:40:31.876678 [info ] [MainThread]:   filesystems: None
[0m04:40:31.877431 [info ] [MainThread]:   remote: None
[0m04:40:31.879283 [info ] [MainThread]:   plugins: None
[0m04:40:31.880017 [info ] [MainThread]:   disable_transactions: False
[0m04:40:31.880810 [info ] [MainThread]: Registered adapter: duckdb=1.10.1
[0m04:40:32.101076 [debug] [MainThread]: Acquiring new duckdb connection 'debug'
[0m04:40:32.134482 [debug] [MainThread]: Using duckdb connection "debug"
[0m04:40:32.135311 [debug] [MainThread]: On debug: select 1 as id
[0m04:40:32.135963 [debug] [MainThread]: Opening a new connection, currently in state init
[0m04:40:32.154883 [debug] [MainThread]: SQL status: OK in 0.019 seconds
[0m04:40:32.156205 [debug] [MainThread]: On debug: Close
[0m04:40:32.156795 [info ] [MainThread]:   Connection test: [[32mOK connection ok[0m]

[0m04:40:32.157504 [info ] [MainThread]: [31m1 check failed:[0m
[0m04:40:32.158121 [info ] [MainThread]: Project loading failed for the following reason:
 project path </workspaces/DW_lab_6730202540/dbt_project.yml> not found

[0m04:40:32.159413 [debug] [MainThread]: Resource report: {"command_name": "debug", "command_success": false, "command_wall_clock_time": 0.6271435, "process_in_blocks": "240", "process_kernel_time": 0.336103, "process_mem_max_rss": "149152", "process_out_blocks": "56", "process_user_time": 2.108462}
[0m04:40:32.160110 [debug] [MainThread]: Command `dbt debug` failed at 04:40:32.159991 after 0.63 seconds
[0m04:40:32.160637 [debug] [MainThread]: Connection 'debug' was properly closed.
[0m04:40:32.161281 [debug] [MainThread]: Sending event: {'category': 'dbt', 'action': 'invocation', 'label': 'end', 'context': [<snowplow_tracker.self_describing_json.SelfDescribingJson object at 0x774a1305a780>, <snowplow_tracker.self_describing_json.SelfDescribingJson object at 0x774a1229ce00>, <snowplow_tracker.self_describing_json.SelfDescribingJson object at 0x774a1229cad0>]}
[0m04:40:32.161889 [debug] [MainThread]: Flushing usage events
[0m04:40:33.178744 [debug] [MainThread]: An error was encountered while trying to flush usage events
[0m02:25:22.206102 [debug] [MainThread]: Sending event: {'category': 'dbt', 'action': 'invocation', 'label': 'start', 'context': [<snowplow_tracker.self_describing_json.SelfDescribingJson object at 0x725a231e0050>, <snowplow_tracker.self_describing_json.SelfDescribingJson object at 0x725a223965a0>, <snowplow_tracker.self_describing_json.SelfDescribingJson object at 0x725a22589940>]}


============================== 02:25:22.264176 | 132a3cc2-a6bd-4abb-bf24-ec813503c068 ==============================
[0m02:25:22.264176 [info ] [MainThread]: Running with dbt=1.11.12
[0m02:25:22.264914 [debug] [MainThread]: running dbt with arguments {'profiles_dir': '/home/codespace/.dbt', 'use_colors': 'True', 'partial_parse': 'True', 'empty': 'None', 'version_check': 'True', 'indirect_selection': 'eager', 'warn_error': 'None', 'cache_selected_only': 'False', 'debug': 'False', 'send_anonymous_usage_stats': 'True', 'introspect': 'True', 'target_path': 'None', 'use_experimental_parser': 'False', 'fail_fast': 'False', 'write_json': 'True', 'log_path': 'logs', 'static_parser': 'True', 'log_cache_events': 'False', 'no_print': 'None', 'log_format': 'default', 'invocation_command': 'dbt debug', 'warn_error_options': 'WarnErrorOptionsV2(error=[], warn=[], silence=[])', 'quiet': 'False', 'printer_width': '80'}
[0m02:25:22.287318 [info ] [MainThread]: dbt version: 1.11.12
[0m02:25:22.288775 [info ] [MainThread]: python version: 3.12.1
[0m02:25:22.289695 [info ] [MainThread]: python path: /workspaces/DW_lab_6730202540/.venv/bin/python3
[0m02:25:22.290554 [info ] [MainThread]: os info: Linux-6.8.0-1052-azure-x86_64-with-glibc2.39
[0m02:25:26.128981 [info ] [MainThread]: Using profiles dir at /home/codespace/.dbt
[0m02:25:26.129763 [info ] [MainThread]: Using profiles.yml file at /home/codespace/.dbt/profiles.yml
[0m02:25:26.130449 [info ] [MainThread]: Using dbt_project.yml file at /workspaces/DW_lab_6730202540/dbt_project.yml
[0m02:25:26.133553 [info ] [MainThread]: adapter type: duckdb
[0m02:25:26.134171 [info ] [MainThread]: adapter version: 1.10.1
[0m02:25:26.134826 [info ] [MainThread]: Configuration:
[0m02:25:26.135589 [info ] [MainThread]:   profiles.yml file [[32mOK found and valid[0m]
[0m02:25:26.136193 [info ] [MainThread]:   dbt_project.yml file [[31mERROR not found[0m]
[0m02:25:26.136902 [info ] [MainThread]: Required dependencies:
[0m02:25:26.137700 [debug] [MainThread]: Executing "git --help"
[0m02:25:26.142130 [debug] [MainThread]: STDOUT: "b"usage: git [-v | --version] [-h | --help] [-C <path>] [-c <name>=<value>]\n           [--exec-path[=<path>]] [--html-path] [--man-path] [--info-path]\n           [-p | --paginate | -P | --no-pager] [--no-replace-objects] [--no-lazy-fetch]\n           [--no-optional-locks] [--no-advice] [--bare] [--git-dir=<path>]\n           [--work-tree=<path>] [--namespace=<name>] [--config-env=<name>=<envvar>]\n           <command> [<args>]\n\nThese are common Git commands used in various situations:\n\nstart a working area (see also: git help tutorial)\n   clone      Clone a repository into a new directory\n   init       Create an empty Git repository or reinitialize an existing one\n\nwork on the current change (see also: git help everyday)\n   add        Add file contents to the index\n   mv         Move or rename a file, a directory, or a symlink\n   restore    Restore working tree files\n   rm         Remove files from the working tree and from the index\n\nexamine the history and state (see also: git help revisions)\n   bisect     Use binary search to find the commit that introduced a bug\n   diff       Show changes between commits, commit and working tree, etc\n   grep       Print lines matching a pattern\n   log        Show commit logs\n   show       Show various types of objects\n   status     Show the working tree status\n\ngrow, mark and tweak your common history\n   backfill   Download missing objects in a partial clone\n   branch     List, create, or delete branches\n   commit     Record changes to the repository\n   merge      Join two or more development histories together\n   rebase     Reapply commits on top of another base tip\n   reset      Set `HEAD` or the index to a known state\n   switch     Switch branches\n   tag        Create, list, delete or verify tags\n\ncollaborate (see also: git help workflows)\n   fetch      Download objects and refs from another repository\n   pull       Fetch from and integrate with another repository or a local branch\n   push       Update remote refs along with associated objects\n\n'git help -a' and 'git help -g' list available subcommands and some\nconcept guides. See 'git help <command>' or 'git help <concept>'\nto read about a specific subcommand or concept.\nSee 'git help git' for an overview of the system.\n""
[0m02:25:26.143125 [debug] [MainThread]: STDERR: "b''"
[0m02:25:26.143839 [info ] [MainThread]:  - git [[32mOK found[0m]

[0m02:25:26.144638 [info ] [MainThread]: Connection:
[0m02:25:26.145455 [info ] [MainThread]:   database: dev
[0m02:25:26.146251 [info ] [MainThread]:   schema: main
[0m02:25:26.147020 [info ] [MainThread]:   path: dev.duckdb
[0m02:25:26.147786 [info ] [MainThread]:   config_options: None
[0m02:25:26.148555 [info ] [MainThread]:   extensions: None
[0m02:25:26.149307 [info ] [MainThread]:   settings: {}
[0m02:25:26.150013 [info ] [MainThread]:   external_root: .
[0m02:25:26.150693 [info ] [MainThread]:   use_credential_provider: None
[0m02:25:26.151376 [info ] [MainThread]:   attach: None
[0m02:25:26.151995 [info ] [MainThread]:   filesystems: None
[0m02:25:26.152759 [info ] [MainThread]:   remote: None
[0m02:25:26.153541 [info ] [MainThread]:   plugins: None
[0m02:25:26.154222 [info ] [MainThread]:   disable_transactions: False
[0m02:25:26.154950 [info ] [MainThread]: Registered adapter: duckdb=1.10.1
[0m02:25:26.308651 [debug] [MainThread]: Acquiring new duckdb connection 'debug'
[0m02:25:26.393410 [debug] [MainThread]: Using duckdb connection "debug"
[0m02:25:26.394308 [debug] [MainThread]: On debug: select 1 as id
[0m02:25:26.394816 [debug] [MainThread]: Opening a new connection, currently in state init
[0m02:25:26.594176 [debug] [MainThread]: SQL status: OK in 0.199 seconds
[0m02:25:26.595492 [debug] [MainThread]: On debug: Close
[0m02:25:26.596066 [info ] [MainThread]:   Connection test: [[32mOK connection ok[0m]

[0m02:25:26.596614 [info ] [MainThread]: [31m1 check failed:[0m
[0m02:25:26.597313 [info ] [MainThread]: Project loading failed for the following reason:
 project path </workspaces/DW_lab_6730202540/dbt_project.yml> not found

[0m02:25:26.599292 [debug] [MainThread]: Resource report: {"command_name": "debug", "command_success": false, "command_wall_clock_time": 4.474415, "process_in_blocks": "158984", "process_kernel_time": 0.380541, "process_mem_max_rss": "149648", "process_out_blocks": "24", "process_user_time": 1.958902}
[0m02:25:26.600316 [debug] [MainThread]: Command `dbt debug` failed at 02:25:26.600156 after 4.48 seconds
[0m02:25:26.601124 [debug] [MainThread]: Connection 'debug' was properly closed.
[0m02:25:26.601940 [debug] [MainThread]: Sending event: {'category': 'dbt', 'action': 'invocation', 'label': 'end', 'context': [<snowplow_tracker.self_describing_json.SelfDescribingJson object at 0x725a22589940>, <snowplow_tracker.self_describing_json.SelfDescribingJson object at 0x725a222ac620>, <snowplow_tracker.self_describing_json.SelfDescribingJson object at 0x725a2280e420>]}
[0m02:25:26.603559 [debug] [MainThread]: Flushing usage events
[0m02:25:27.652372 [debug] [MainThread]: An error was encountered while trying to flush usage events
[0m03:33:17.046534 [debug] [MainThread]: Sending event: {'category': 'dbt', 'action': 'invocation', 'label': 'start', 'context': [<snowplow_tracker.self_describing_json.SelfDescribingJson object at 0x704c08b63fb0>, <snowplow_tracker.self_describing_json.SelfDescribingJson object at 0x704c09d2b740>, <snowplow_tracker.self_describing_json.SelfDescribingJson object at 0x704c09fb0d40>]}


============================== 03:33:17.058502 | 58e4b64d-6813-4943-8105-827c0788543c ==============================
[0m03:33:17.058502 [info ] [MainThread]: Running with dbt=1.11.12
[0m03:33:17.059623 [debug] [MainThread]: running dbt with arguments {'static_parser': 'True', 'use_experimental_parser': 'False', 'log_cache_events': 'False', 'warn_error_options': 'WarnErrorOptionsV2(error=[], warn=[], silence=[])', 'printer_width': '80', 'log_format': 'default', 'warn_error': 'None', 'cache_selected_only': 'False', 'no_print': 'None', 'indirect_selection': 'eager', 'use_colors': 'True', 'invocation_command': 'dbt run', 'write_json': 'True', 'introspect': 'True', 'target_path': 'None', 'log_path': 'logs', 'version_check': 'True', 'empty': 'False', 'send_anonymous_usage_stats': 'True', 'fail_fast': 'False', 'debug': 'False', 'profiles_dir': '/home/codespace/.dbt', 'partial_parse': 'True', 'quiet': 'False'}
[0m03:33:17.061891 [error] [MainThread]: Encountered an error:
Runtime Error
  No dbt_project.yml found at expected path /workspaces/DW_lab_6730202540/dbt_project.yml
  Verify that each entry within packages.yml (and their transitive dependencies) contains a file named dbt_project.yml
  
[0m03:33:17.065265 [debug] [MainThread]: Resource report: {"command_name": "run", "command_success": false, "command_wall_clock_time": 0.20351116, "process_in_blocks": "40", "process_kernel_time": 0.222263, "process_mem_max_rss": "101868", "process_out_blocks": "8", "process_user_time": 1.831959}
[0m03:33:17.067550 [debug] [MainThread]: Command `dbt run` failed at 03:33:17.067383 after 0.21 seconds
[0m03:33:17.068396 [debug] [MainThread]: Sending event: {'category': 'dbt', 'action': 'invocation', 'label': 'end', 'context': [<snowplow_tracker.self_describing_json.SelfDescribingJson object at 0x704c07fbe630>, <snowplow_tracker.self_describing_json.SelfDescribingJson object at 0x704c0869a8d0>, <snowplow_tracker.self_describing_json.SelfDescribingJson object at 0x704c07faa0c0>]}
[0m03:33:17.072492 [debug] [MainThread]: Flushing usage events
[0m03:33:18.060765 [debug] [MainThread]: An error was encountered while trying to flush usage events
[0m04:34:09.058004 [debug] [MainThread]: Sending event: {'category': 'dbt', 'action': 'invocation', 'label': 'start', 'context': [<snowplow_tracker.self_describing_json.SelfDescribingJson object at 0x75f3ce8e4dd0>, <snowplow_tracker.self_describing_json.SelfDescribingJson object at 0x75f3ce4d1b80>, <snowplow_tracker.self_describing_json.SelfDescribingJson object at 0x75f3cdcc8fe0>]}


============================== 04:34:09.094123 | a4f0bd29-5737-4fa7-adb8-2bbfd7d16c6a ==============================
[0m04:34:09.094123 [info ] [MainThread]: Running with dbt=1.11.12
[0m04:34:09.096979 [debug] [MainThread]: running dbt with arguments {'version_check': 'True', 'quiet': 'False', 'no_print': 'None', 'static_parser': 'True', 'indirect_selection': 'eager', 'invocation_command': 'dbt run', 'profiles_dir': '/home/codespace/.dbt', 'use_colors': 'True', 'use_experimental_parser': 'False', 'target_path': 'None', 'introspect': 'True', 'warn_error': 'None', 'log_cache_events': 'False', 'debug': 'False', 'log_path': 'logs', 'partial_parse': 'True', 'write_json': 'True', 'empty': 'False', 'printer_width': '80', 'cache_selected_only': 'False', 'warn_error_options': 'WarnErrorOptionsV2(error=[], warn=[], silence=[])', 'log_format': 'default', 'send_anonymous_usage_stats': 'True', 'fail_fast': 'False'}
[0m04:34:09.099252 [error] [MainThread]: Encountered an error:
Runtime Error
  No dbt_project.yml found at expected path /workspaces/DW_lab_6730202540/dbt_project.yml
  Verify that each entry within packages.yml (and their transitive dependencies) contains a file named dbt_project.yml
  
[0m04:34:09.105518 [debug] [MainThread]: Resource report: {"command_name": "run", "command_success": false, "command_wall_clock_time": 0.13395369, "process_in_blocks": "58184", "process_kernel_time": 0.270992, "process_mem_max_rss": "101572", "process_out_blocks": "8", "process_user_time": 1.739369}
[0m04:34:09.106968 [debug] [MainThread]: Command `dbt run` failed at 04:34:09.106814 after 0.14 seconds
[0m04:34:09.110740 [debug] [MainThread]: Sending event: {'category': 'dbt', 'action': 'invocation', 'label': 'end', 'context': [<snowplow_tracker.self_describing_json.SelfDescribingJson object at 0x75f3ce8c29c0>, <snowplow_tracker.self_describing_json.SelfDescribingJson object at 0x75f3d0658560>, <snowplow_tracker.self_describing_json.SelfDescribingJson object at 0x75f3cda73890>]}
[0m04:34:09.112281 [debug] [MainThread]: Flushing usage events
[0m04:34:10.124159 [debug] [MainThread]: An error was encountered while trying to flush usage events
